<?xml version="1.0" encoding="UTF-8" standalone="no"?>
<testsuite failures="0" name="cucumber.runtime.formatter.JUnitFormatter" skipped="0" tests="1" time="14.3754">
<testcase classname="Login in PPE application" name="PPE login" time="14.3754">
<system-out><![CDATA[Given Agent Already On Login Page...........................................passed
When Tittle Of Login Page Is Login..........................................passed
Then Agent Entering "ih.chelms" and "10#Hammer".............................passed
Then Click Login Button.....................................................passed
When URL Of LoggedIn Page...................................................passed
Then Click GuidLines Link...................................................passed
]]></system-out>
</testcase>
</testsuite>
